2023-02-14 00:08:11,892 INFO 50542 [-/127.0.0.1/-/457ms SCHEDULE /__schedule?path=/Users/chenweirui/Desktop/单身同学录/single-service/node_modules/egg-logrotator/app/schedule/clean_log.js&type=worker&cron=0%200%20*%20*%20*] [Job#1676304490916504694447929441] /Users/chenweirui/Desktop/单身同学录/single-service/node_modules/egg-logrotator/app/schedule/clean_log.js execute succeed, used 455ms. 
2023-02-14 05:37:21,912 INFO 47395 [Timer] /Users/chenweirui/Desktop/单身同学录/single-service/node_modules/egg-multipart/app/schedule/clean_tmpdir.js next time will execute after 82358150ms at 2023-02-15 04:30:00.061
2023-02-14 05:37:21,903 INFO 50542 [Job#1676324241668702203153291141] /Users/chenweirui/Desktop/单身同学录/single-service/node_modules/egg-multipart/app/schedule/clean_tmpdir.js executing by app
2023-02-14 05:37:22,189 INFO 50542 [-/127.0.0.1/-/257ms SCHEDULE /__schedule?path=/Users/chenweirui/Desktop/单身同学录/single-service/node_modules/egg-multipart/app/schedule/clean_tmpdir.js&type=worker&cron=0%2030%204%20*%20*%20*&disable=false&immediate=false] [Job#1676324241668702203153291141] /Users/chenweirui/Desktop/单身同学录/single-service/node_modules/egg-multipart/app/schedule/clean_tmpdir.js execute succeed, used 253ms. 
2023-02-21 15:21:13,349 INFO 35287 [egg-schedule]: register schedule /Users/chenweirui/Desktop/单身同学录/single-service/node_modules/egg-multipart/app/schedule/clean_tmpdir.js
2023-02-21 15:21:13,349 INFO 35287 [egg-schedule]: register schedule /Users/chenweirui/Desktop/单身同学录/single-service/node_modules/egg-logrotator/app/schedule/clean_log.js
2023-02-21 15:21:13,349 INFO 35287 [egg-schedule]: register schedule /Users/chenweirui/Desktop/单身同学录/single-service/node_modules/egg-logrotator/app/schedule/rotate_by_file.js
2023-02-21 15:21:14,830 INFO 35282 [Timer] /Users/chenweirui/Desktop/单身同学录/single-service/node_modules/egg-multipart/app/schedule/clean_tmpdir.js next time will execute after 47325173ms at 2023-02-22 04:30:00.003
2023-02-21 15:21:14,830 INFO 35282 [Timer] /Users/chenweirui/Desktop/单身同学录/single-service/node_modules/egg-logrotator/app/schedule/clean_log.js next time will execute after 31125170ms at 2023-02-22 00:00:00.000
2023-02-21 15:21:14,831 INFO 35282 [Timer] /Users/chenweirui/Desktop/单身同学录/single-service/node_modules/egg-logrotator/app/schedule/rotate_by_file.js next time will execute after 31126170ms at 2023-02-22 00:00:01.001
2023-02-21 15:33:04,772 INFO 36535 [egg-schedule]: register schedule /Users/chenweirui/Desktop/单身同学录/single-service/node_modules/egg-multipart/app/schedule/clean_tmpdir.js
2023-02-21 15:33:04,772 INFO 36535 [egg-schedule]: register schedule /Users/chenweirui/Desktop/单身同学录/single-service/node_modules/egg-logrotator/app/schedule/clean_log.js
2023-02-21 15:33:04,772 INFO 36535 [egg-schedule]: register schedule /Users/chenweirui/Desktop/单身同学录/single-service/node_modules/egg-logrotator/app/schedule/rotate_by_file.js
2023-02-21 15:33:27,080 INFO 36561 [egg-schedule]: register schedule /Users/chenweirui/Desktop/单身同学录/single-service/node_modules/egg-multipart/app/schedule/clean_tmpdir.js
2023-02-21 15:33:27,080 INFO 36561 [egg-schedule]: register schedule /Users/chenweirui/Desktop/单身同学录/single-service/node_modules/egg-logrotator/app/schedule/clean_log.js
2023-02-21 15:33:27,080 INFO 36561 [egg-schedule]: register schedule /Users/chenweirui/Desktop/单身同学录/single-service/node_modules/egg-logrotator/app/schedule/rotate_by_file.js
2023-02-21 15:34:03,647 INFO 36598 [egg-schedule]: register schedule /Users/chenweirui/Desktop/单身同学录/single-service/node_modules/egg-multipart/app/schedule/clean_tmpdir.js
2023-02-21 15:34:03,647 INFO 36598 [egg-schedule]: register schedule /Users/chenweirui/Desktop/单身同学录/single-service/node_modules/egg-logrotator/app/schedule/clean_log.js
2023-02-21 15:34:03,647 INFO 36598 [egg-schedule]: register schedule /Users/chenweirui/Desktop/单身同学录/single-service/node_modules/egg-logrotator/app/schedule/rotate_by_file.js
2023-02-21 15:34:34,627 INFO 36619 [egg-schedule]: register schedule /Users/chenweirui/Desktop/单身同学录/single-service/node_modules/egg-multipart/app/schedule/clean_tmpdir.js
2023-02-21 15:34:34,627 INFO 36619 [egg-schedule]: register schedule /Users/chenweirui/Desktop/单身同学录/single-service/node_modules/egg-logrotator/app/schedule/clean_log.js
2023-02-21 15:34:34,627 INFO 36619 [egg-schedule]: register schedule /Users/chenweirui/Desktop/单身同学录/single-service/node_modules/egg-logrotator/app/schedule/rotate_by_file.js
2023-02-21 16:38:14,551 INFO 43501 [egg-schedule]: register schedule /Users/chenweirui/Desktop/单身同学录/single-service/node_modules/egg-multipart/app/schedule/clean_tmpdir.js
2023-02-21 16:38:14,551 INFO 43501 [egg-schedule]: register schedule /Users/chenweirui/Desktop/单身同学录/single-service/node_modules/egg-logrotator/app/schedule/clean_log.js
2023-02-21 16:38:14,551 INFO 43501 [egg-schedule]: register schedule /Users/chenweirui/Desktop/单身同学录/single-service/node_modules/egg-logrotator/app/schedule/rotate_by_file.js
2023-02-21 16:38:15,423 INFO 43493 [Timer] /Users/chenweirui/Desktop/单身同学录/single-service/node_modules/egg-multipart/app/schedule/clean_tmpdir.js next time will execute after 42704580ms at 2023-02-22 04:30:00.003
2023-02-21 16:38:15,423 INFO 43493 [Timer] /Users/chenweirui/Desktop/单身同学录/single-service/node_modules/egg-logrotator/app/schedule/clean_log.js next time will execute after 26504577ms at 2023-02-22 00:00:00.000
2023-02-21 16:38:15,424 INFO 43493 [Timer] /Users/chenweirui/Desktop/单身同学录/single-service/node_modules/egg-logrotator/app/schedule/rotate_by_file.js next time will execute after 26505577ms at 2023-02-22 00:00:01.001
2023-02-21 16:40:05,306 INFO 43711 [egg-schedule]: register schedule /Users/chenweirui/Desktop/单身同学录/single-service/node_modules/egg-multipart/app/schedule/clean_tmpdir.js
2023-02-21 16:40:05,306 INFO 43711 [egg-schedule]: register schedule /Users/chenweirui/Desktop/单身同学录/single-service/node_modules/egg-logrotator/app/schedule/clean_log.js
2023-02-21 16:40:05,306 INFO 43711 [egg-schedule]: register schedule /Users/chenweirui/Desktop/单身同学录/single-service/node_modules/egg-logrotator/app/schedule/rotate_by_file.js
2023-02-21 16:40:06,170 INFO 43679 [Timer] /Users/chenweirui/Desktop/单身同学录/single-service/node_modules/egg-multipart/app/schedule/clean_tmpdir.js next time will execute after 42593833ms at 2023-02-22 04:30:00.003
2023-02-21 16:40:06,171 INFO 43679 [Timer] /Users/chenweirui/Desktop/单身同学录/single-service/node_modules/egg-logrotator/app/schedule/clean_log.js next time will execute after 26393830ms at 2023-02-22 00:00:00.001
2023-02-21 16:40:06,171 INFO 43679 [Timer] /Users/chenweirui/Desktop/单身同学录/single-service/node_modules/egg-logrotator/app/schedule/rotate_by_file.js next time will execute after 26394829ms at 2023-02-22 00:00:01.000
2023-02-21 16:42:18,610 INFO 44051 [egg-schedule]: register schedule /Users/chenweirui/Desktop/单身同学录/single-service/node_modules/egg-multipart/app/schedule/clean_tmpdir.js
2023-02-21 16:42:18,610 INFO 44051 [egg-schedule]: register schedule /Users/chenweirui/Desktop/单身同学录/single-service/node_modules/egg-logrotator/app/schedule/clean_log.js
2023-02-21 16:42:18,610 INFO 44051 [egg-schedule]: register schedule /Users/chenweirui/Desktop/单身同学录/single-service/node_modules/egg-logrotator/app/schedule/rotate_by_file.js
2023-02-21 16:42:22,481 INFO 44056 [egg-schedule]: register schedule /Users/chenweirui/Desktop/单身同学录/single-service/node_modules/egg-multipart/app/schedule/clean_tmpdir.js
2023-02-21 16:42:22,481 INFO 44056 [egg-schedule]: register schedule /Users/chenweirui/Desktop/单身同学录/single-service/node_modules/egg-logrotator/app/schedule/clean_log.js
2023-02-21 16:42:22,481 INFO 44056 [egg-schedule]: register schedule /Users/chenweirui/Desktop/单身同学录/single-service/node_modules/egg-logrotator/app/schedule/rotate_by_file.js
2023-02-21 16:43:08,611 INFO 44144 [egg-schedule]: register schedule /Users/chenweirui/Desktop/单身同学录/single-service/node_modules/egg-multipart/app/schedule/clean_tmpdir.js
2023-02-21 16:43:08,611 INFO 44144 [egg-schedule]: register schedule /Users/chenweirui/Desktop/单身同学录/single-service/node_modules/egg-logrotator/app/schedule/clean_log.js
2023-02-21 16:43:08,611 INFO 44144 [egg-schedule]: register schedule /Users/chenweirui/Desktop/单身同学录/single-service/node_modules/egg-logrotator/app/schedule/rotate_by_file.js
2023-02-21 16:43:17,952 INFO 44160 [egg-schedule]: register schedule /Users/chenweirui/Desktop/单身同学录/single-service/node_modules/egg-multipart/app/schedule/clean_tmpdir.js
2023-02-21 16:43:17,953 INFO 44160 [egg-schedule]: register schedule /Users/chenweirui/Desktop/单身同学录/single-service/node_modules/egg-logrotator/app/schedule/clean_log.js
2023-02-21 16:43:17,953 INFO 44160 [egg-schedule]: register schedule /Users/chenweirui/Desktop/单身同学录/single-service/node_modules/egg-logrotator/app/schedule/rotate_by_file.js
2023-02-21 16:43:22,596 INFO 44166 [egg-schedule]: register schedule /Users/chenweirui/Desktop/单身同学录/single-service/node_modules/egg-multipart/app/schedule/clean_tmpdir.js
2023-02-21 16:43:22,596 INFO 44166 [egg-schedule]: register schedule /Users/chenweirui/Desktop/单身同学录/single-service/node_modules/egg-logrotator/app/schedule/clean_log.js
2023-02-21 16:43:22,596 INFO 44166 [egg-schedule]: register schedule /Users/chenweirui/Desktop/单身同学录/single-service/node_modules/egg-logrotator/app/schedule/rotate_by_file.js
2023-02-21 19:46:13,971 INFO 70154 [egg-schedule]: register schedule /Users/chenweirui/Desktop/单身同学录/single-service/node_modules/egg-multipart/app/schedule/clean_tmpdir.js
2023-02-21 19:46:13,972 INFO 70154 [egg-schedule]: register schedule /Users/chenweirui/Desktop/单身同学录/single-service/node_modules/egg-logrotator/app/schedule/clean_log.js
2023-02-21 19:46:13,972 INFO 70154 [egg-schedule]: register schedule /Users/chenweirui/Desktop/单身同学录/single-service/node_modules/egg-logrotator/app/schedule/rotate_by_file.js
2023-02-21 20:34:58,699 INFO 73194 [egg-schedule]: register schedule /Users/chenweirui/Desktop/单身同学录/single-service/node_modules/egg-multipart/app/schedule/clean_tmpdir.js
2023-02-21 20:34:58,699 INFO 73194 [egg-schedule]: register schedule /Users/chenweirui/Desktop/单身同学录/single-service/node_modules/egg-logrotator/app/schedule/clean_log.js
2023-02-21 20:34:58,699 INFO 73194 [egg-schedule]: register schedule /Users/chenweirui/Desktop/单身同学录/single-service/node_modules/egg-logrotator/app/schedule/rotate_by_file.js
2023-02-21 20:39:50,124 INFO 73735 [egg-schedule]: register schedule /Users/chenweirui/Desktop/单身同学录/single-service/node_modules/egg-multipart/app/schedule/clean_tmpdir.js
2023-02-21 20:39:50,124 INFO 73735 [egg-schedule]: register schedule /Users/chenweirui/Desktop/单身同学录/single-service/node_modules/egg-logrotator/app/schedule/clean_log.js
2023-02-21 20:39:50,124 INFO 73735 [egg-schedule]: register schedule /Users/chenweirui/Desktop/单身同学录/single-service/node_modules/egg-logrotator/app/schedule/rotate_by_file.js
2023-02-21 20:40:27,983 INFO 73804 [egg-schedule]: register schedule /Users/chenweirui/Desktop/单身同学录/single-service/node_modules/egg-multipart/app/schedule/clean_tmpdir.js
2023-02-21 20:40:27,983 INFO 73804 [egg-schedule]: register schedule /Users/chenweirui/Desktop/单身同学录/single-service/node_modules/egg-logrotator/app/schedule/clean_log.js
2023-02-21 20:40:27,983 INFO 73804 [egg-schedule]: register schedule /Users/chenweirui/Desktop/单身同学录/single-service/node_modules/egg-logrotator/app/schedule/rotate_by_file.js
2023-02-21 20:40:32,320 INFO 73812 [egg-schedule]: register schedule /Users/chenweirui/Desktop/单身同学录/single-service/node_modules/egg-multipart/app/schedule/clean_tmpdir.js
2023-02-21 20:40:32,320 INFO 73812 [egg-schedule]: register schedule /Users/chenweirui/Desktop/单身同学录/single-service/node_modules/egg-logrotator/app/schedule/clean_log.js
2023-02-21 20:40:32,320 INFO 73812 [egg-schedule]: register schedule /Users/chenweirui/Desktop/单身同学录/single-service/node_modules/egg-logrotator/app/schedule/rotate_by_file.js
2023-02-21 20:40:39,171 INFO 73817 [egg-schedule]: register schedule /Users/chenweirui/Desktop/单身同学录/single-service/node_modules/egg-multipart/app/schedule/clean_tmpdir.js
2023-02-21 20:40:39,171 INFO 73817 [egg-schedule]: register schedule /Users/chenweirui/Desktop/单身同学录/single-service/node_modules/egg-logrotator/app/schedule/clean_log.js
2023-02-21 20:40:39,171 INFO 73817 [egg-schedule]: register schedule /Users/chenweirui/Desktop/单身同学录/single-service/node_modules/egg-logrotator/app/schedule/rotate_by_file.js
2023-02-21 20:40:49,607 INFO 73877 [egg-schedule]: register schedule /Users/chenweirui/Desktop/单身同学录/single-service/node_modules/egg-multipart/app/schedule/clean_tmpdir.js
2023-02-21 20:40:49,607 INFO 73877 [egg-schedule]: register schedule /Users/chenweirui/Desktop/单身同学录/single-service/node_modules/egg-logrotator/app/schedule/clean_log.js
2023-02-21 20:40:49,607 INFO 73877 [egg-schedule]: register schedule /Users/chenweirui/Desktop/单身同学录/single-service/node_modules/egg-logrotator/app/schedule/rotate_by_file.js
2023-02-21 20:41:15,527 INFO 73906 [egg-schedule]: register schedule /Users/chenweirui/Desktop/单身同学录/single-service/node_modules/egg-multipart/app/schedule/clean_tmpdir.js
2023-02-21 20:41:15,527 INFO 73906 [egg-schedule]: register schedule /Users/chenweirui/Desktop/单身同学录/single-service/node_modules/egg-logrotator/app/schedule/clean_log.js
2023-02-21 20:41:15,527 INFO 73906 [egg-schedule]: register schedule /Users/chenweirui/Desktop/单身同学录/single-service/node_modules/egg-logrotator/app/schedule/rotate_by_file.js
2023-02-21 20:43:48,497 INFO 74127 [egg-schedule]: register schedule /Users/chenweirui/Desktop/单身同学录/single-service/node_modules/egg-multipart/app/schedule/clean_tmpdir.js
2023-02-21 20:43:48,497 INFO 74127 [egg-schedule]: register schedule /Users/chenweirui/Desktop/单身同学录/single-service/node_modules/egg-logrotator/app/schedule/clean_log.js
2023-02-21 20:43:48,497 INFO 74127 [egg-schedule]: register schedule /Users/chenweirui/Desktop/单身同学录/single-service/node_modules/egg-logrotator/app/schedule/rotate_by_file.js
2023-02-21 20:44:28,934 INFO 74173 [egg-schedule]: register schedule /Users/chenweirui/Desktop/单身同学录/single-service/node_modules/egg-multipart/app/schedule/clean_tmpdir.js
2023-02-21 20:44:28,935 INFO 74173 [egg-schedule]: register schedule /Users/chenweirui/Desktop/单身同学录/single-service/node_modules/egg-logrotator/app/schedule/clean_log.js
2023-02-21 20:44:28,935 INFO 74173 [egg-schedule]: register schedule /Users/chenweirui/Desktop/单身同学录/single-service/node_modules/egg-logrotator/app/schedule/rotate_by_file.js
2023-02-21 20:44:41,234 INFO 74247 [egg-schedule]: register schedule /Users/chenweirui/Desktop/单身同学录/single-service/node_modules/egg-multipart/app/schedule/clean_tmpdir.js
2023-02-21 20:44:41,234 INFO 74247 [egg-schedule]: register schedule /Users/chenweirui/Desktop/单身同学录/single-service/node_modules/egg-logrotator/app/schedule/clean_log.js
2023-02-21 20:44:41,234 INFO 74247 [egg-schedule]: register schedule /Users/chenweirui/Desktop/单身同学录/single-service/node_modules/egg-logrotator/app/schedule/rotate_by_file.js
2023-02-21 20:47:12,330 INFO 74720 [egg-schedule]: register schedule /Users/chenweirui/Desktop/单身同学录/single-service/node_modules/egg-multipart/app/schedule/clean_tmpdir.js
2023-02-21 20:47:12,331 INFO 74720 [egg-schedule]: register schedule /Users/chenweirui/Desktop/单身同学录/single-service/node_modules/egg-logrotator/app/schedule/clean_log.js
2023-02-21 20:47:12,331 INFO 74720 [egg-schedule]: register schedule /Users/chenweirui/Desktop/单身同学录/single-service/node_modules/egg-logrotator/app/schedule/rotate_by_file.js
2023-02-21 20:47:59,270 INFO 74778 [egg-schedule]: register schedule /Users/chenweirui/Desktop/单身同学录/single-service/node_modules/egg-multipart/app/schedule/clean_tmpdir.js
2023-02-21 20:47:59,270 INFO 74778 [egg-schedule]: register schedule /Users/chenweirui/Desktop/单身同学录/single-service/node_modules/egg-logrotator/app/schedule/clean_log.js
2023-02-21 20:47:59,270 INFO 74778 [egg-schedule]: register schedule /Users/chenweirui/Desktop/单身同学录/single-service/node_modules/egg-logrotator/app/schedule/rotate_by_file.js
2023-02-21 20:48:32,107 INFO 74824 [egg-schedule]: register schedule /Users/chenweirui/Desktop/单身同学录/single-service/node_modules/egg-multipart/app/schedule/clean_tmpdir.js
2023-02-21 20:48:32,107 INFO 74824 [egg-schedule]: register schedule /Users/chenweirui/Desktop/单身同学录/single-service/node_modules/egg-logrotator/app/schedule/clean_log.js
2023-02-21 20:48:32,107 INFO 74824 [egg-schedule]: register schedule /Users/chenweirui/Desktop/单身同学录/single-service/node_modules/egg-logrotator/app/schedule/rotate_by_file.js
2023-02-21 20:54:27,454 INFO 75607 [egg-schedule]: register schedule /Users/chenweirui/Desktop/单身同学录/single-service/node_modules/egg-multipart/app/schedule/clean_tmpdir.js
2023-02-21 20:54:27,455 INFO 75607 [egg-schedule]: register schedule /Users/chenweirui/Desktop/单身同学录/single-service/node_modules/egg-logrotator/app/schedule/clean_log.js
2023-02-21 20:54:27,455 INFO 75607 [egg-schedule]: register schedule /Users/chenweirui/Desktop/单身同学录/single-service/node_modules/egg-logrotator/app/schedule/rotate_by_file.js
